This is LuaTeX, Version beta-0.80.0 (TeX Live 2015/Arch Linux) (rev 5238)  (format=lualatex 2016.4.17)  28 JUL 2016 04:48
 restricted \write18 enabled.
**index#
(/usr/share/texmf-dist/tex/latex/tools/x.tex
LaTeX2e <2015/10/01> patch level 2
Babel <3.9m> and hyphenation patterns for 79 languages loaded.

! .
l.38   \batchmode \errmessage{}
                             \csname @@end\endcsname \end
This error message was generated by an \errmessage
command, so I can't give any explicit help.
Pretend that you're Hercule Poirot: Examine all clues,
and deduce the truth by order and method.

)

Here is how much of LuaTeX's memory you used:
 7 strings out of 494897
 100000,89155 words of node,token memory allocated
 182 words of node memory still in use:
   31 glue_spec nodes
   avail lists: 2:12,3:1,6:1
 3793 multiletter control sequences out of 65536+600000
 14 fonts using 562767 bytes
 5i,0n,1p,85b,15s stack positions out of 5000i,500n,10000p,200000b,100000s
No pages of output.

PDF statistics: 0 PDF objects out of 1000 (max. 8388607)
 0 named destinations out of 1000 (max. 131072)
 1 words of extra memory for PDF output out of 10000 (max. 10000000)

